9.1.2023, 10:02:25 - INFO - New connected socket [id: MzwuXFQn02EqkXuoAAAB] 
9.1.2023, 10:02:28 - DEBUG - Getting categories 
9.1.2023, 10:03:11 - INFO - Socket disconnected [id: undefined] 
9.1.2023, 10:03:11 - INFO - New connected socket [id: MazIXjtn7AtQcO-HAAAD] 
9.1.2023, 10:03:11 - DEBUG - Getting categories 
9.1.2023, 10:03:12 - INFO - Socket disconnected [id: undefined] 
9.1.2023, 10:03:12 - INFO - New connected socket [id: R16p-Fz2QWReF47nAAAF] 
9.1.2023, 10:03:12 - DEBUG - Getting categories 
9.1.2023, 10:03:13 - INFO - Socket disconnected [id: undefined] 
9.1.2023, 10:03:13 - INFO - New connected socket [id: 3BDjDJ8K5TgvO6hQAAAH] 
9.1.2023, 10:03:13 - DEBUG - Getting categories 
9.1.2023, 10:03:14 - INFO - Socket disconnected [id: undefined] 
9.1.2023, 10:03:14 - INFO - New connected socket [id: feRlDnTfEWQJfYqHAAAJ] 
9.1.2023, 10:03:14 - DEBUG - Getting categories 
9.1.2023, 10:03:25 - INFO - Socket disconnected [id: undefined] 
9.1.2023, 10:03:25 - INFO - New connected socket [id: U-gpN20bzCQE6fBiAAAL] 
9.1.2023, 10:03:26 - DEBUG - Getting categories 
9.1.2023, 10:04:43 - INFO - New connected socket [id: -kCmLrwS8XE6qrhbAAAN] 
9.1.2023, 10:04:43 - DEBUG - Getting categories 
9.1.2023, 10:06:34 - INFO - Socket disconnected [id: undefined] 

*********************************************************************
is it me
***********************************************************************
9.1.2023, 13:40:30 - INFO - Socket disconnected [id: undefined] 
30.1.2023, 14:04:49 - INFO - Server is running on port: 3030 
30.1.2023, 14:15:09 - INFO - New connected socket [id: KcraR-nG56Ros_E9AAAB] 
30.1.2023, 14:15:12 - DEBUG - Getting categories 
30.1.2023, 14:15:22 - DEBUG - Getting Gigs 
30.1.2023, 14:16:43 - ERROR - while finding user by id: u105 | Error: Argument passed in must be a single String of 12 bytes or a string of 24 hex characters 
30.1.2023, 14:16:43 - ERROR - Failed to get user | Error: Argument passed in must be a single String of 12 bytes or a string of 24 hex characters 
30.1.2023, 14:16:48 - DEBUG - Getting Gigs 
30.1.2023, 14:17:13 - DEBUG - Getting Gigs 
30.1.2023, 14:17:16 - DEBUG - Getting Gigs 
30.1.2023, 14:17:17 - ERROR - while finding user by id: u105 | Error: Argument passed in must be a single String of 12 bytes or a string of 24 hex characters 
30.1.2023, 14:17:17 - ERROR - Failed to get user | Error: Argument passed in must be a single String of 12 bytes or a string of 24 hex characters 
30.1.2023, 14:17:22 - DEBUG - Getting Gigs 
30.1.2023, 14:18:14 - INFO - Socket disconnected [id: undefined] 
30.1.2023, 14:18:49 - INFO - New connected socket [id: xi9GgSarwQztZ8kzAAAD] 
30.1.2023, 14:18:52 - INFO - Socket disconnected [id: undefined] 
30.1.2023, 14:18:53 - INFO - New connected socket [id: NRDq8T10oDyxmw_XAAAF] 
30.1.2023, 14:20:57 - INFO - Socket disconnected [id: undefined] 
30.1.2023, 14:20:57 - INFO - New connected socket [id: nE6uDpghwT-52oJkAAAH] 
30.1.2023, 14:20:57 - DEBUG - Getting categories 
30.1.2023, 14:20:57 - DEBUG - Getting Gigs 
30.1.2023, 14:24:25 - INFO - Socket disconnected [id: undefined] 
30.1.2023, 14:24:37 - INFO - New connected socket [id: OCusyIGz2zV04gjfAAAJ] 
30.1.2023, 14:24:40 - DEBUG - Getting categories 
30.1.2023, 14:24:57 - DEBUG - Getting Gigs 
30.1.2023, 14:29:23 - DEBUG - auth.service - login with username: a 
30.1.2023, 14:29:24 - INFO - User login:  | {"_id":"63330f9288db0b425447f2f1","username":"a","fullname":"Aharon M","imgUrl":"https://fiverr-res.cloudinary.com/t_profile_original,q_auto,f_auto/attachments/profile/photo/7928a9bdb9e68c7dcc870f7dac91d92b-768025031598387384699/JPEG_20200826_012943_1616096493516260103.jpg","score":100,"from":"Israel","createdAt":"Sep 2022"} 
30.1.2023, 14:29:24 - INFO - Setting socket.userId = 63330f9288db0b425447f2f1 for socket [id: OCusyIGz2zV04gjfAAAJ] 
30.1.2023, 14:29:24 - DEBUG - auth.service - login with username: a 
30.1.2023, 14:29:24 - INFO - User login:  | {"_id":"63330f9288db0b425447f2f1","username":"a","fullname":"Aharon M","imgUrl":"https://fiverr-res.cloudinary.com/t_profile_original,q_auto,f_auto/attachments/profile/photo/7928a9bdb9e68c7dcc870f7dac91d92b-768025031598387384699/JPEG_20200826_012943_1616096493516260103.jpg","score":100,"from":"Israel","createdAt":"Sep 2022"} 
30.1.2023, 14:29:24 - INFO - Setting socket.userId = 63330f9288db0b425447f2f1 for socket [id: OCusyIGz2zV04gjfAAAJ] 
30.1.2023, 14:29:53 - DEBUG - Getting Gigs 
30.1.2023, 14:30:38 - DEBUG - Getting Gigs 
30.1.2023, 14:30:55 - DEBUG - Getting Gigs 
